C51 COMPILER V9.60.7.0   SLAVE                                                             04/10/2025 16:48:01 PAGE 1   


C51 COMPILER V9.60.7.0, COMPILATION OF MODULE SLAVE
OBJECT MODULE PLACED IN .\Objects\slave.obj
COMPILER INVOKED BY: C:\Keil_v5\C51\BIN\C51.EXE slave.c OPTIMIZE(8,SPEED) BROWSE DEBUG OBJECTEXTEND PRINT(.\Listings\sla
                    -ve.lst) TABS(2) OBJECT(.\Objects\slave.obj)

line level    source

   1          #include <AT89C5131.h>
   2          #include "lcd.h"
   3          
   4          bit transmit_completed = 0;
   5          unsigned char temp_spi_data;
   6          unsigned char data_buffer[2];
   7          unsigned char idx = 0;
   8          char sum_ascii[3] = {0, 0, '\0'};
   9          unsigned char data *point1 = (unsigned char *)0x41;
  10          unsigned char data *point2 = (unsigned char *)0x42;
  11          unsigned char data *pointr = (unsigned char *)0x43;
  12          extern void addition();
  13          
  14          void delay() {
  15   1          int i, j;
  16   1          for(i=0;i<300;i++) for(j=0;j<1275;j++);
  17   1      }
  18          
  19          void spi_init(void) {
  20   1          SPCON = 0x2C;  // Slave mode, CPOL=1, CPHA=1
  21   1          IEN1 |= 0x04;  
  22   1          EA = 1;        
  23   1        SPCON |= 0x40; 
  24   1      }
  25          
  26          void spi_interrupt(void) interrupt 9 {
  27   1          if (SPSTA & 0x80) {
  28   2              temp_spi_data = SPDAT;
  29   2              data_buffer[idx++] = temp_spi_data;
  30   2      
  31   2              if (idx == 2) {
  32   3                  unsigned char sum =0;
  33   3                  *point1 = data_buffer[0];
  34   3                  *point2 = data_buffer[1];
  35   3                  
  36   3                  addition();
  37   3                  sum = *pointr;
  38   3                  SPDAT = sum; // Send result back to master
  39   3                  idx = 0;
  40   3                
  41   3                  lcd_init();
  42   3                  lcd_cmd(0x80);
  43   3                  lcd_write_string("N1: ");
  44   3                  int_to_string(data_buffer[0], sum_ascii);
  45   3                  lcd_write_string(sum_ascii);
  46   3                  lcd_write_char(32);
  47   3                  lcd_write_string("N2: ");
  48   3                  int_to_string(data_buffer[1], sum_ascii);
  49   3                  lcd_write_string(sum_ascii);
  50   3                  msdelay(10);
  51   3      
  52   3                  lcd_cmd(0xC0);
  53   3                  lcd_write_string("Sum: ");
  54   3                  int_to_string(sum, sum_ascii);
C51 COMPILER V9.60.7.0   SLAVE                                                             04/10/2025 16:48:01 PAGE 2   

  55   3                  lcd_write_string(sum_ascii);
  56   3                msdelay(10);
  57   3                  
  58   3              }
  59   2          }
  60   1      }
  61          
  62          void main() {
  63   1          spi_init();
  64   1          lcd_init();
  65   1          lcd_cmd(0x80);
  66   1          lcd_write_string("Waiting...");
  67   1          while(1);
  68   1      }


MODULE INFORMATION:   STATIC OVERLAYABLE
   CODE SIZE        =    474    ----
   CONSTANT SIZE    =     27    ----
   XDATA SIZE       =   ----    ----
   PDATA SIZE       =   ----    ----
   DATA SIZE        =     10       9
   IDATA SIZE       =   ----    ----
   BIT SIZE         =      1    ----
END OF MODULE INFORMATION.


C51 COMPILATION COMPLETE.  0 WARNING(S),  0 ERROR(S)
