C51 COMPILER V9.60.7.0   SLAVE                                                             04/11/2025 02:57:55 PAGE 1   


C51 COMPILER V9.60.7.0, COMPILATION OF MODULE SLAVE
OBJECT MODULE PLACED IN .\Objects\slave.obj
COMPILER INVOKED BY: C:\Keil_v5\C51\BIN\C51.EXE slave.c OPTIMIZE(8,SPEED) BROWSE DEBUG OBJECTEXTEND PRINT(.\Listings\sla
                    -ve.lst) TABS(2) OBJECT(.\Objects\slave.obj)

line level    source

   1          #include <AT89C5131.h>
   2          #include "lcd.h"
   3          
   4          bit transmit_completed = 0;
   5          unsigned char temp_spi_data;
   6          unsigned char data_buffer[6];
   7          unsigned char idx = 0;
   8          char sum_ascii[3] = {0, 0, '\0'};
   9          unsigned char data *point1 = (unsigned char *)0x70;
  10          unsigned char data *point2 = (unsigned char *)0x71;
  11          unsigned char data *point3 = (unsigned char *)0x72;
  12          unsigned char data *point4 = (unsigned char *)0x73;
  13          unsigned char data *point5 = (unsigned char *)0x74;
  14          unsigned char data *point6 = (unsigned char *)0x75;
  15          unsigned char data *pointr1 = (unsigned char *)0x50;
  16          unsigned char data *pointr2 = (unsigned char *)0x51;
  17          unsigned char data *pointr3 = (unsigned char *)0x52;
  18          extern void MAC();
  19          
  20          void delay() {
  21   1          int i, j;
  22   1          for(i=0;i<300;i++) for(j=0;j<1275;j++);
  23   1      }
  24          
  25          void spi_init(void) {
  26   1          SPCON = 0x2C;  // Slave mode, CPOL=1, CPHA=1
  27   1          IEN1 |= 0x04;  
  28   1          EA = 1;        
  29   1        SPCON |= 0x40; 
  30   1      }
  31          
  32          void spi_interrupt(void) interrupt 9 {
  33   1          if (SPSTA & 0x80) {
  34   2              temp_spi_data = SPDAT;
  35   2              data_buffer[idx++] = temp_spi_data;
  36   2      
  37   2              if (idx == 6) {
  38   3                  unsigned char sum =0;
  39   3                *point1 = data_buffer[0];
  40   3                *point2 = data_buffer[1];
  41   3                *point3 = data_buffer[2];
  42   3                *point4 = data_buffer[3];
  43   3                *point5 = data_buffer[4];
  44   3                *point6 = data_buffer[5];
  45   3                  MAC();
  46   3                 sum = *pointr3;
  47   3                  SPDAT = sum; // Send result back to master
  48   3                  idx = 0;
  49   3                
  50   3                  lcd_init();
  51   3                  lcd_cmd(0x80);
  52   3                  lcd_write_string("Value: ");
  53   3                  int_to_string(sum, sum_ascii);
  54   3                  lcd_write_string(sum_ascii);
C51 COMPILER V9.60.7.0   SLAVE                                                             04/11/2025 02:57:55 PAGE 2   

  55   3                msdelay(10);
  56   3                  
  57   3              }
  58   2          }
  59   1      }
  60          
  61          void main() {
  62   1          spi_init();
  63   1          lcd_init();
  64   1          lcd_cmd(0x80);
  65   1          lcd_write_string("Waiting...");
  66   1          while(1);
  67   1      }


MODULE INFORMATION:   STATIC OVERLAYABLE
   CODE SIZE        =    443    ----
   CONSTANT SIZE    =     19    ----
   XDATA SIZE       =   ----    ----
   PDATA SIZE       =   ----    ----
   DATA SIZE        =     20       9
   IDATA SIZE       =   ----    ----
   BIT SIZE         =      1    ----
END OF MODULE INFORMATION.


C51 COMPILATION COMPLETE.  0 WARNING(S),  0 ERROR(S)
