C51 COMPILER V9.60.7.0   SLAVE                                                             04/09/2025 22:17:02 PAGE 1   


C51 COMPILER V9.60.7.0, COMPILATION OF MODULE SLAVE
OBJECT MODULE PLACED IN .\Objects\slave.obj
COMPILER INVOKED BY: C:\Keil_v5\C51\BIN\C51.EXE slave.c OPTIMIZE(8,SPEED) BROWSE DEBUG OBJECTEXTEND PRINT(.\Listings\sla
                    -ve.lst) TABS(2) OBJECT(.\Objects\slave.obj)

line level    source

   1          #include <AT89C5131.h>
   2          #include "lcd.h"
   3          
   4          bit transmit_completed = 0;
   5          unsigned char temp_spi_data;
   6          unsigned char data_buffer[2];
   7          unsigned char idx = 0;
   8          char sum_ascii[3] = {0, 0, '\0'};
   9          
  10          void delay() {
  11   1          int i, j;
  12   1          for(i=0;i<300;i++) for(j=0;j<1275;j++);
  13   1      }
  14          
  15          void spi_init(void) {
  16   1          SPCON = 0x2C;  // Slave mode, CPOL=1, CPHA=1
  17   1          IEN1 |= 0x04;  
  18   1          EA = 1;        
  19   1        SPCON |= 0x40; 
  20   1      }
  21          
  22          bit is_prime(unsigned int num) {
  23   1          int o = 0;
  24   1          if (num < 2) return 0;
  25   1          for (o = 2; o * o <= num; o++) {
  26   2              if (num % o == 0) return 0;
  27   2          }
  28   1          return 1;
  29   1      }
  30          
  31          void spi_interrupt(void) interrupt 9 {
  32   1          if (SPSTA & 0x80) {
  33   2              temp_spi_data = SPDAT;
  34   2              data_buffer[idx++] = temp_spi_data;
  35   2      
  36   2              if (idx == 2) {
  37   3                  unsigned int sum = data_buffer[0] + data_buffer[1];
  38   3                  bit result = is_prime(sum);
  39   3                  SPDAT = result ? 1 : 0; // Send result back to master
  40   3                  idx = 0;
  41   3                
  42   3                  lcd_init();
  43   3                  lcd_cmd(0x80);
  44   3                  lcd_write_string("N1: ");
  45   3                  int_to_string(data_buffer[0], sum_ascii);
  46   3                  lcd_write_string(sum_ascii);
  47   3                  lcd_write_char(32);
  48   3                  lcd_write_string("N2: ");
  49   3                  int_to_string(data_buffer[1], sum_ascii);
  50   3                  lcd_write_string(sum_ascii);
  51   3                  msdelay(10);
  52   3      
  53   3                  lcd_cmd(0xC0);
  54   3                  lcd_write_string("Sum: ");
C51 COMPILER V9.60.7.0   SLAVE                                                             04/09/2025 22:17:02 PAGE 2   

  55   3                  int_to_string(sum, sum_ascii);
  56   3                  lcd_write_string(sum_ascii);
  57   3                msdelay(10);
  58   3                  
  59   3              }
  60   2          }
  61   1      }
  62          
  63          void main() {
  64   1          spi_init();
  65   1          lcd_init();
  66   1          lcd_cmd(0x80);
  67   1          lcd_write_string("Waiting...");
  68   1          while(1);
  69   1      }


MODULE INFORMATION:   STATIC OVERLAYABLE
   CODE SIZE        =    548    ----
   CONSTANT SIZE    =     27    ----
   XDATA SIZE       =   ----    ----
   PDATA SIZE       =   ----    ----
   DATA SIZE        =      7      10
   IDATA SIZE       =   ----    ----
   BIT SIZE         =      1       1
END OF MODULE INFORMATION.


C51 COMPILATION COMPLETE.  0 WARNING(S),  0 ERROR(S)
